2024-11-19 14:27:56,745 [http-nio-8080-exec-2] INFO  com.ticketWave.ticketWave.TicketWaveApplication - Configuration saved
2024-11-20 08:53:10,977 [http-nio-8080-exec-1] INFO  com.ticketWave.ticketWave.service.AdminService - Admin null created
2024-11-20 08:53:32,192 [http-nio-8080-exec-3] INFO  com.ticketWave.ticketWave.TicketWaveApplication - Configuration saved
2024-11-20 08:54:02,913 [http-nio-8080-exec-5] INFO  com.ticketWave.ticketWave.TicketWaveApplication - Configuration saved
2024-11-20 08:54:13,689 [http-nio-8080-exec-10] INFO  com.ticketWave.ticketWave.TicketWaveApplication - Configuration saved
2024-11-20 08:54:23,404 [http-nio-8080-exec-7] INFO  com.ticketWave.ticketWave.TicketWaveApplication - Configuration saved
2024-11-20 08:54:35,200 [http-nio-8080-exec-9] INFO  com.ticketWave.ticketWave.TicketWaveApplication - Configuration saved
2024-11-20 09:19:34,960 [Thread-1] INFO  com.ticketWave.ticketWave.TicketWaveApplication - Configuration saved
2024-11-20 10:00:36,754 [http-nio-8080-exec-2] INFO  com.ticketWave.ticketWave.TicketWaveApplication - Configuration deleted.
2024-11-20 10:00:42,148 [http-nio-8080-exec-3] INFO  com.ticketWave.ticketWave.service.AdminService - System started successfully
2024-11-20 10:00:44,298 [http-nio-8080-exec-4] INFO  com.ticketWave.ticketWave.TicketWaveApplication - Configuration deleted.
2024-11-20 10:04:41,628 [http-nio-8080-exec-4] INFO  com.ticketWave.ticketWave.service.AdminService - System started successfully
2024-11-20 10:04:49,648 [http-nio-8080-exec-3] INFO  com.ticketWave.ticketWave.TicketWaveApplication - Configuration saved
2024-11-20 10:04:59,508 [http-nio-8080-exec-2] INFO  com.ticketWave.ticketWave.TicketWaveApplication - Configuration found
2024-11-20 10:05:06,902 [Thread-1] INFO  com.ticketWave.ticketWave.TicketWaveApplication - Configuration found
2024-11-20 10:05:06,907 [Thread-1] INFO  com.ticketWave.ticketWave.TicketWaveApplication - Configuration found
2024-11-20 10:05:06,910 [Thread-1] INFO  com.ticketWave.ticketWave.TicketWaveApplication - Configuration found
2024-11-20 10:05:12,304 [http-nio-8080-exec-6] INFO  com.ticketWave.ticketWave.TicketWaveApplication - Configuration deleted.
2024-11-20 10:05:43,594 [http-nio-8080-exec-9] INFO  com.ticketWave.ticketWave.TicketWaveApplication - Configuration saved
2024-11-20 10:05:51,021 [http-nio-8080-exec-1] INFO  com.ticketWave.ticketWave.service.AdminService - System started successfully
2024-11-24 11:25:20,331 [http-nio-8080-exec-1] INFO  com.ticketWave.ticketWave.service.CustomerService - Customer registered successfully
2024-11-24 12:12:01,606 [http-nio-8080-exec-5] INFO  com.ticketWave.ticketWave.service.CustomerService - Customer registered successfully
2024-11-24 12:22:18,982 [http-nio-8080-exec-8] INFO  com.ticketWave.ticketWave.service.CustomerService - Customer registered successfully
2024-11-24 12:22:26,213 [http-nio-8080-exec-9] INFO  com.ticketWave.ticketWave.service.CustomerService - Customer registered successfully
2024-11-24 12:23:35,286 [http-nio-8080-exec-2] INFO  com.ticketWave.ticketWave.service.CustomerService - Customer registered successfully
2024-11-24 12:24:13,005 [http-nio-8080-exec-1] INFO  com.ticketWave.ticketWave.service.CustomerService - Customer registered successfully
2024-11-24 12:25:20,020 [http-nio-8080-exec-4] INFO  com.ticketWave.ticketWave.service.CustomerService - Customer registered successfully
2024-11-24 12:27:12,626 [http-nio-8080-exec-2] INFO  com.ticketWave.ticketWave.service.CustomerService - Customer registered successfully
2024-11-24 12:29:28,994 [http-nio-8080-exec-4] INFO  com.ticketWave.ticketWave.service.CustomerService - Customer registered successfully
2024-11-24 14:19:19,697 [http-nio-8080-exec-4] INFO  com.ticketWave.ticketWave.service.CustomerService - Customer registered successfully
2024-11-24 14:20:42,407 [http-nio-8080-exec-5] INFO  com.ticketWave.ticketWave.service.CustomerService - Customernull logged in successfully
2024-11-24 14:22:46,814 [http-nio-8080-exec-1] ERROR com.ticketWave.ticketWave.service.CustomerService - Invalid username or password
2024-11-24 14:23:22,331 [http-nio-8080-exec-1] ERROR com.ticketWave.ticketWave.service.CustomerService - Invalid username or password
2024-11-24 14:41:02,472 [http-nio-8080-exec-1] ERROR com.ticketWave.ticketWave.service.CustomerService - Invalid username or password
2024-11-24 14:41:05,574 [http-nio-8080-exec-3] ERROR com.ticketWave.ticketWave.service.CustomerService - Invalid username or password
2024-11-24 14:41:11,516 [http-nio-8080-exec-7] INFO  com.ticketWave.ticketWave.service.CustomerService - Customer28 logged in successfully
2024-11-24 14:48:35,801 [http-nio-8080-exec-5] INFO  com.ticketWave.ticketWave.service.CustomerService - Customer28 logged in successfully
2024-11-24 14:49:57,753 [http-nio-8080-exec-2] INFO  com.ticketWave.ticketWave.service.CustomerService - Customer28 logged in successfully
2024-11-24 14:52:05,730 [http-nio-8080-exec-4] INFO  com.ticketWave.ticketWave.service.CustomerService - Customer28 logged in successfully
2024-11-24 14:52:12,122 [http-nio-8080-exec-3] ERROR com.ticketWave.ticketWave.service.CustomerService - Invalid username or password
2024-11-24 14:52:14,770 [http-nio-8080-exec-8] ERROR com.ticketWave.ticketWave.service.CustomerService - Invalid username or password
2024-11-24 14:52:16,097 [http-nio-8080-exec-7] ERROR com.ticketWave.ticketWave.service.CustomerService - Invalid username or password
2024-11-24 14:52:20,473 [http-nio-8080-exec-9] ERROR com.ticketWave.ticketWave.service.CustomerService - Invalid username or password
2024-11-24 14:53:11,783 [http-nio-8080-exec-6] ERROR com.ticketWave.ticketWave.service.CustomerService - Invalid username or password
2024-11-24 14:53:39,674 [http-nio-8080-exec-10] ERROR com.ticketWave.ticketWave.service.CustomerService - Invalid username or password
2024-11-24 14:53:44,785 [http-nio-8080-exec-2] ERROR com.ticketWave.ticketWave.service.CustomerService - Invalid username or password
2024-11-24 14:53:46,745 [http-nio-8080-exec-1] INFO  com.ticketWave.ticketWave.service.CustomerService - Customer28 logged in successfully
2024-11-24 14:55:52,979 [http-nio-8080-exec-3] ERROR com.ticketWave.ticketWave.service.CustomerService - Invalid username or password
2024-11-24 14:55:57,377 [http-nio-8080-exec-8] ERROR com.ticketWave.ticketWave.service.CustomerService - Invalid username or password
2024-11-24 14:55:57,608 [http-nio-8080-exec-7] ERROR com.ticketWave.ticketWave.service.CustomerService - Invalid username or password
2024-11-24 14:55:58,560 [http-nio-8080-exec-9] ERROR com.ticketWave.ticketWave.service.CustomerService - Invalid username or password
2024-11-24 14:55:58,759 [http-nio-8080-exec-5] ERROR com.ticketWave.ticketWave.service.CustomerService - Invalid username or password
2024-11-24 14:55:58,960 [http-nio-8080-exec-6] ERROR com.ticketWave.ticketWave.service.CustomerService - Invalid username or password
2024-11-24 14:55:59,136 [http-nio-8080-exec-10] ERROR com.ticketWave.ticketWave.service.CustomerService - Invalid username or password
2024-11-24 14:55:59,496 [http-nio-8080-exec-2] ERROR com.ticketWave.ticketWave.service.CustomerService - Invalid username or password
2024-11-24 14:56:01,538 [http-nio-8080-exec-1] INFO  com.ticketWave.ticketWave.service.CustomerService - Customer28 logged in successfully
2024-11-24 15:24:56,760 [http-nio-8080-exec-8] INFO  com.ticketWave.ticketWave.service.CustomerService - Customer28 logged in successfully
2024-11-24 15:26:21,993 [http-nio-8080-exec-9] INFO  com.ticketWave.ticketWave.service.CustomerService - Customer28 logged in successfully
2024-11-24 15:31:47,262 [http-nio-8080-exec-6] INFO  com.ticketWave.ticketWave.service.CustomerService - Customer28 logged in successfully
2024-11-24 15:33:43,659 [http-nio-8080-exec-2] INFO  com.ticketWave.ticketWave.service.CustomerService - Customer28 logged in successfully
2024-11-24 15:34:56,225 [http-nio-8080-exec-4] INFO  com.ticketWave.ticketWave.service.CustomerService - Customer28 logged in successfully
2024-11-24 15:37:34,882 [http-nio-8080-exec-8] INFO  com.ticketWave.ticketWave.service.CustomerService - Customer28 logged in successfully
2024-11-24 15:39:14,853 [http-nio-8080-exec-5] INFO  com.ticketWave.ticketWave.service.CustomerService - Customer28 logged in successfully
2024-11-24 15:40:26,768 [http-nio-8080-exec-10] INFO  com.ticketWave.ticketWave.service.CustomerService - Customer28 logged in successfully
2024-11-24 15:40:33,430 [http-nio-8080-exec-2] INFO  com.ticketWave.ticketWave.service.CustomerService - Customer28 logged in successfully
2024-11-24 15:42:21,446 [http-nio-8080-exec-4] INFO  com.ticketWave.ticketWave.service.CustomerService - Customer28 logged in successfully
2024-11-24 15:50:52,701 [http-nio-8080-exec-8] INFO  com.ticketWave.ticketWave.service.CustomerService - Customer28 logged in successfully
2024-11-24 16:09:48,236 [http-nio-8080-exec-5] INFO  com.ticketWave.ticketWave.service.CustomerService - Customer28 logged in successfully
2024-11-24 16:09:55,286 [http-nio-8080-exec-6] INFO  com.ticketWave.ticketWave.service.CustomerService - Customer28 logged in successfully
2024-11-24 16:12:56,513 [http-nio-8080-exec-2] INFO  com.ticketWave.ticketWave.service.CustomerService - Customer28 logged in successfully
2024-11-24 16:13:03,726 [http-nio-8080-exec-1] INFO  com.ticketWave.ticketWave.service.CustomerService - Customer28 logged in successfully
2024-11-24 16:13:47,141 [http-nio-8080-exec-4] INFO  com.ticketWave.ticketWave.service.CustomerService - Customer28 logged in successfully
2024-11-24 16:15:53,294 [http-nio-8080-exec-8] ERROR com.ticketWave.ticketWave.service.CustomerService - Invalid username or password
2024-11-24 16:15:55,646 [http-nio-8080-exec-7] ERROR com.ticketWave.ticketWave.service.CustomerService - Invalid username or password
2024-11-24 16:15:57,044 [http-nio-8080-exec-9] ERROR com.ticketWave.ticketWave.service.CustomerService - Invalid username or password
2024-11-24 16:15:57,253 [http-nio-8080-exec-5] ERROR com.ticketWave.ticketWave.service.CustomerService - Invalid username or password
2024-11-24 16:15:57,445 [http-nio-8080-exec-6] ERROR com.ticketWave.ticketWave.service.CustomerService - Invalid username or password
2024-11-24 16:16:43,071 [http-nio-8080-exec-10] ERROR com.ticketWave.ticketWave.service.CustomerService - Invalid username or password
2024-11-24 16:16:59,765 [http-nio-8080-exec-2] INFO  com.ticketWave.ticketWave.service.CustomerService - Customer28 logged in successfully
2024-11-24 16:24:05,258 [http-nio-8080-exec-4] INFO  com.ticketWave.ticketWave.service.CustomerService - Customer28 logged in successfully
2024-11-24 16:25:32,340 [http-nio-8080-exec-8] INFO  com.ticketWave.ticketWave.service.CustomerService - Customer28 logged in successfully
2024-11-24 16:27:38,219 [http-nio-8080-exec-5] INFO  com.ticketWave.ticketWave.service.CustomerService - Customer registered successfully
2024-11-24 16:29:41,677 [http-nio-8080-exec-2] INFO  com.ticketWave.ticketWave.service.CustomerService - Customer registered successfully
2024-11-24 16:29:54,654 [http-nio-8080-exec-1] ERROR com.ticketWave.ticketWave.service.CustomerService - Login errorQuery did not return a unique result: 3 results were returned
2024-11-24 16:31:36,755 [http-nio-8080-exec-8] INFO  com.ticketWave.ticketWave.service.CustomerService - Customer registered successfully
2024-11-24 16:31:40,877 [http-nio-8080-exec-7] ERROR com.ticketWave.ticketWave.service.CustomerService - Login errorQuery did not return a unique result: 3 results were returned
2024-11-24 16:31:50,717 [http-nio-8080-exec-9] ERROR com.ticketWave.ticketWave.service.CustomerService - Login errorQuery did not return a unique result: 3 results were returned
2024-11-24 16:32:07,461 [http-nio-8080-exec-5] ERROR com.ticketWave.ticketWave.service.CustomerService - Login errorQuery did not return a unique result: 3 results were returned
2024-11-24 16:32:54,757 [http-nio-8080-exec-2] INFO  com.ticketWave.ticketWave.service.CustomerService - Customer registered successfully
2024-11-24 16:33:22,984 [http-nio-8080-exec-1] ERROR com.ticketWave.ticketWave.service.CustomerService - Invalid username or password
2024-11-24 16:33:50,156 [http-nio-8080-exec-4] INFO  com.ticketWave.ticketWave.service.CustomerService - Customer registered successfully
2024-11-24 16:34:08,781 [http-nio-8080-exec-3] INFO  com.ticketWave.ticketWave.service.CustomerService - Customer37 logged in successfully
2024-11-24 18:26:00,546 [http-nio-8080-exec-1] INFO  com.ticketWave.ticketWave.service.VendorService - Vendor null registered successfully
2024-11-24 18:28:49,541 [http-nio-8080-exec-1] INFO  com.ticketWave.ticketWave.service.VendorService - Vendor Sithum registered successfully
2024-11-24 18:40:05,254 [http-nio-8080-exec-1] ERROR com.ticketWave.ticketWave.service.CustomerService - Error while creating event
2024-11-24 18:40:40,635 [http-nio-8080-exec-2] INFO  com.ticketWave.ticketWave.service.CustomerService - Event created successfully
2024-11-24 18:42:54,791 [http-nio-8080-exec-1] INFO  com.ticketWave.ticketWave.service.CustomerService - Event created successfully
2024-11-24 18:49:40,242 [http-nio-8080-exec-9] INFO  com.ticketWave.ticketWave.service.CustomerService - Get Event successful
2024-11-24 18:57:24,012 [http-nio-8080-exec-4] INFO  com.ticketWave.ticketWave.service.CustomerService - Get Event successful
2024-11-24 18:57:55,060 [http-nio-8080-exec-8] INFO  com.ticketWave.ticketWave.service.CustomerService - Get Event successful
2024-11-24 19:06:01,073 [http-nio-8080-exec-3] INFO  com.ticketWave.ticketWave.service.CustomerService - Get Event successful
2024-11-24 19:15:27,671 [http-nio-8080-exec-1] INFO  com.ticketWave.ticketWave.service.CustomerService - Get Event successful
2024-11-24 19:18:09,078 [http-nio-8080-exec-7] INFO  com.ticketWave.ticketWave.service.CustomerService - Get Event successful
2024-11-24 19:18:54,073 [http-nio-8080-exec-9] INFO  com.ticketWave.ticketWave.service.CustomerService - Get Event successful
2024-11-24 19:21:30,081 [http-nio-8080-exec-4] INFO  com.ticketWave.ticketWave.service.CustomerService - Get Event successful
2024-11-24 19:23:54,087 [http-nio-8080-exec-10] INFO  com.ticketWave.ticketWave.service.CustomerService - Get Event successful
2024-11-24 19:24:00,069 [http-nio-8080-exec-3] INFO  com.ticketWave.ticketWave.service.CustomerService - Get Event successful
2024-11-24 19:24:04,081 [http-nio-8080-exec-2] INFO  com.ticketWave.ticketWave.service.CustomerService - Get Event successful
2024-11-24 19:25:16,088 [http-nio-8080-exec-5] INFO  com.ticketWave.ticketWave.service.CustomerService - Get Event successful
2024-11-24 19:25:34,110 [http-nio-8080-exec-7] INFO  com.ticketWave.ticketWave.service.CustomerService - Get Event successful
2024-11-24 19:25:41,058 [http-nio-8080-exec-9] INFO  com.ticketWave.ticketWave.service.CustomerService - Get Event successful
2024-11-24 19:25:41,919 [http-nio-8080-exec-6] INFO  com.ticketWave.ticketWave.service.CustomerService - Get Event successful
2024-11-24 19:26:31,936 [http-nio-8080-exec-4] INFO  com.ticketWave.ticketWave.service.CustomerService - Get Event successful
2024-11-24 19:28:19,823 [http-nio-8080-exec-10] INFO  com.ticketWave.ticketWave.service.CustomerService - Get Event successful
2024-11-24 19:28:59,049 [http-nio-8080-exec-3] INFO  com.ticketWave.ticketWave.service.CustomerService - Get Event successful
2024-11-24 19:30:57,097 [http-nio-8080-exec-9] INFO  com.ticketWave.ticketWave.service.CustomerService - Get Event successful
2024-11-24 19:31:41,075 [http-nio-8080-exec-6] INFO  com.ticketWave.ticketWave.service.CustomerService - Get Event successful
2024-11-24 19:31:59,059 [http-nio-8080-exec-4] INFO  com.ticketWave.ticketWave.service.CustomerService - Get Event successful
2024-11-24 19:35:30,010 [http-nio-8080-exec-10] INFO  com.ticketWave.ticketWave.service.CustomerService - Get Event successful
2024-11-24 19:36:06,288 [http-nio-8080-exec-3] INFO  com.ticketWave.ticketWave.service.CustomerService - Get Event successful
2024-11-24 19:36:29,746 [http-nio-8080-exec-2] INFO  com.ticketWave.ticketWave.service.CustomerService - Get Event successful
2024-11-24 19:36:51,067 [http-nio-8080-exec-1] INFO  com.ticketWave.ticketWave.service.CustomerService - Get Event successful
2024-11-24 19:37:05,050 [http-nio-8080-exec-5] INFO  com.ticketWave.ticketWave.service.CustomerService - Get Event successful
2024-11-24 19:39:54,319 [http-nio-8080-exec-9] INFO  com.ticketWave.ticketWave.service.CustomerService - Get Event successful
2024-11-24 19:41:52,167 [http-nio-8080-exec-4] INFO  com.ticketWave.ticketWave.service.CustomerService - Get Event successful
2024-11-24 19:42:12,084 [http-nio-8080-exec-8] INFO  com.ticketWave.ticketWave.service.CustomerService - Get Event successful
2024-11-24 19:46:58,296 [http-nio-8080-exec-1] INFO  com.ticketWave.ticketWave.service.CustomerService - Get Event successful
2024-11-24 19:46:58,660 [http-nio-8080-exec-2] INFO  com.ticketWave.ticketWave.service.CustomerService - Get Event successful
2024-11-24 19:47:01,451 [http-nio-8080-exec-3] INFO  com.ticketWave.ticketWave.service.CustomerService - Get Event successful
2024-11-24 19:47:02,453 [http-nio-8080-exec-4] INFO  com.ticketWave.ticketWave.service.CustomerService - Get Event successful
2024-11-24 19:47:03,271 [http-nio-8080-exec-5] INFO  com.ticketWave.ticketWave.service.CustomerService - Get Event successful
2024-11-24 19:47:04,146 [http-nio-8080-exec-6] INFO  com.ticketWave.ticketWave.service.CustomerService - Get Event successful
2024-11-24 19:47:05,805 [http-nio-8080-exec-7] INFO  com.ticketWave.ticketWave.service.CustomerService - Get Event successful
2024-11-24 19:47:37,942 [http-nio-8080-exec-8] INFO  com.ticketWave.ticketWave.service.CustomerService - Get Event successful
2024-11-24 19:48:18,135 [http-nio-8080-exec-10] INFO  com.ticketWave.ticketWave.service.CustomerService - Get Event successful
2024-11-24 19:48:34,393 [http-nio-8080-exec-1] INFO  com.ticketWave.ticketWave.service.CustomerService - Get Event successful
2024-11-24 19:49:08,032 [http-nio-8080-exec-2] INFO  com.ticketWave.ticketWave.service.CustomerService - Get Event successful
2024-11-24 19:49:40,358 [http-nio-8080-exec-3] INFO  com.ticketWave.ticketWave.service.CustomerService - Get Event successful
2024-11-24 19:50:06,636 [http-nio-8080-exec-4] INFO  com.ticketWave.ticketWave.service.CustomerService - Get Event successful
2024-11-24 19:53:07,513 [http-nio-8080-exec-1] INFO  com.ticketWave.ticketWave.service.CustomerService - Get Event successful
2024-11-24 19:53:42,419 [http-nio-8080-exec-2] INFO  com.ticketWave.ticketWave.service.CustomerService - Get Event successful
2024-11-24 19:55:11,787 [http-nio-8080-exec-1] INFO  com.ticketWave.ticketWave.service.CustomerService - Get Event successful
2024-11-24 19:55:23,568 [http-nio-8080-exec-4] INFO  com.ticketWave.ticketWave.service.CustomerService - Get Event successful
2024-11-24 19:57:27,238 [http-nio-8080-exec-5] INFO  com.ticketWave.ticketWave.service.CustomerService - Event created successfully
2024-11-24 19:57:42,077 [http-nio-8080-exec-10] INFO  com.ticketWave.ticketWave.service.CustomerService - Event created successfully
2024-11-24 19:58:21,294 [http-nio-8080-exec-1] INFO  com.ticketWave.ticketWave.service.CustomerService - Event created successfully
2024-11-24 19:58:28,300 [http-nio-8080-exec-5] INFO  com.ticketWave.ticketWave.service.CustomerService - Get Event successful
2024-11-24 19:59:12,303 [http-nio-8080-exec-4] INFO  com.ticketWave.ticketWave.service.CustomerService - Get Event successful
2024-11-24 19:59:31,248 [http-nio-8080-exec-1] INFO  com.ticketWave.ticketWave.service.CustomerService - Get Event successful
2024-11-24 19:59:31,317 [http-nio-8080-exec-2] INFO  com.ticketWave.ticketWave.service.CustomerService - Get Event successful
2024-11-24 20:06:40,094 [http-nio-8080-exec-4] INFO  com.ticketWave.ticketWave.service.CustomerService - Get Event successful
2024-11-24 20:07:02,108 [http-nio-8080-exec-6] INFO  com.ticketWave.ticketWave.service.CustomerService - Customer registered successfully
2024-11-24 20:07:36,059 [http-nio-8080-exec-8] INFO  com.ticketWave.ticketWave.service.CustomerService - Customer1 logged in successfully
2024-11-24 20:17:43,808 [http-nio-8080-exec-7] INFO  com.ticketWave.ticketWave.service.CustomerService - Get Event successful
2024-11-24 20:18:58,105 [http-nio-8080-exec-2] INFO  com.ticketWave.ticketWave.service.CustomerService - Get Event successful
2024-11-24 20:19:13,073 [http-nio-8080-exec-3] INFO  com.ticketWave.ticketWave.service.CustomerService - Get Event successful
2024-11-24 20:24:00,121 [http-nio-8080-exec-5] INFO  com.ticketWave.ticketWave.service.CustomerService - Get Event successful
2024-11-24 22:33:54,496 [http-nio-8080-exec-10] INFO  com.ticketWave.ticketWave.service.CustomerService - Get Event successful
2024-11-24 22:34:34,362 [http-nio-8080-exec-8] INFO  com.ticketWave.ticketWave.service.CustomerService - Get Event successful
2024-11-24 22:34:37,487 [http-nio-8080-exec-9] INFO  com.ticketWave.ticketWave.service.CustomerService - Get Event successful
2024-11-24 22:34:49,245 [http-nio-8080-exec-7] INFO  com.ticketWave.ticketWave.service.CustomerService - Get Event successful
2024-11-24 22:34:50,310 [http-nio-8080-exec-1] INFO  com.ticketWave.ticketWave.service.CustomerService - Get Event successful
2024-11-24 22:34:55,386 [http-nio-8080-exec-2] INFO  com.ticketWave.ticketWave.service.CustomerService - Get Event successful
2024-11-24 22:36:34,182 [http-nio-8080-exec-4] INFO  com.ticketWave.ticketWave.service.CustomerService - Get Event successful
2024-11-24 22:36:34,815 [http-nio-8080-exec-5] INFO  com.ticketWave.ticketWave.service.CustomerService - Get Event successful
2024-11-24 22:36:35,431 [http-nio-8080-exec-6] INFO  com.ticketWave.ticketWave.service.CustomerService - Get Event successful
2024-11-24 22:36:59,781 [http-nio-8080-exec-10] INFO  com.ticketWave.ticketWave.service.CustomerService - Get Event successful
2024-11-24 22:37:47,966 [http-nio-8080-exec-8] INFO  com.ticketWave.ticketWave.service.CustomerService - Get Event successful
2024-11-24 22:37:50,512 [http-nio-8080-exec-9] INFO  com.ticketWave.ticketWave.service.CustomerService - Get Event successful
2024-11-24 22:37:51,263 [http-nio-8080-exec-7] INFO  com.ticketWave.ticketWave.service.CustomerService - Get Event successful
2024-11-24 22:38:13,973 [http-nio-8080-exec-1] INFO  com.ticketWave.ticketWave.service.CustomerService - Get Event successful
2024-11-24 22:45:48,081 [http-nio-8080-exec-3] INFO  com.ticketWave.ticketWave.service.CustomerService - Get Event successful
2024-11-24 22:52:27,303 [http-nio-8080-exec-5] INFO  com.ticketWave.ticketWave.service.CustomerService - Get Event successful
2024-11-24 22:52:28,846 [http-nio-8080-exec-6] INFO  com.ticketWave.ticketWave.service.CustomerService - Get Event successful
2024-11-24 22:52:37,484 [http-nio-8080-exec-10] INFO  com.ticketWave.ticketWave.service.CustomerService - Get Event successful
2024-11-24 22:52:50,840 [http-nio-8080-exec-8] INFO  com.ticketWave.ticketWave.service.CustomerService - Get Event successful
2024-11-24 22:52:59,877 [http-nio-8080-exec-9] INFO  com.ticketWave.ticketWave.service.CustomerService - Get Event successful
2024-11-24 22:53:01,583 [http-nio-8080-exec-7] INFO  com.ticketWave.ticketWave.service.CustomerService - Get Event successful
2024-11-24 22:53:37,331 [http-nio-8080-exec-1] INFO  com.ticketWave.ticketWave.service.CustomerService - Get Event successful
2024-11-24 22:54:42,064 [http-nio-8080-exec-3] INFO  com.ticketWave.ticketWave.service.CustomerService - Get Event successful
2024-11-24 22:56:30,774 [http-nio-8080-exec-5] INFO  com.ticketWave.ticketWave.service.CustomerService - Get Event successful
2024-11-24 22:56:58,110 [http-nio-8080-exec-6] INFO  com.ticketWave.ticketWave.service.CustomerService - Get Event successful
2024-11-24 22:56:58,787 [http-nio-8080-exec-10] INFO  com.ticketWave.ticketWave.service.CustomerService - Get Event successful
2024-11-24 22:56:59,411 [http-nio-8080-exec-8] INFO  com.ticketWave.ticketWave.service.CustomerService - Get Event successful
2024-11-24 22:57:26,060 [http-nio-8080-exec-9] INFO  com.ticketWave.ticketWave.service.CustomerService - Get Event successful
2024-11-24 22:58:31,082 [http-nio-8080-exec-1] INFO  com.ticketWave.ticketWave.service.CustomerService - Get Event successful
2024-11-24 22:58:46,036 [http-nio-8080-exec-2] INFO  com.ticketWave.ticketWave.service.CustomerService - Get Event successful
2024-11-24 22:59:10,826 [http-nio-8080-exec-3] INFO  com.ticketWave.ticketWave.service.CustomerService - Get Event successful
2024-11-24 22:59:47,891 [http-nio-8080-exec-4] INFO  com.ticketWave.ticketWave.service.CustomerService - Get Event successful
2024-11-24 23:01:17,353 [http-nio-8080-exec-6] INFO  com.ticketWave.ticketWave.service.CustomerService - Get Event successful
2024-11-24 23:01:22,740 [http-nio-8080-exec-10] INFO  com.ticketWave.ticketWave.service.CustomerService - Get Event successful
2024-11-24 23:01:25,009 [http-nio-8080-exec-8] INFO  com.ticketWave.ticketWave.service.CustomerService - Get Event successful
2024-11-24 23:01:26,974 [http-nio-8080-exec-9] INFO  com.ticketWave.ticketWave.service.CustomerService - Get Event successful
2024-11-24 23:01:28,617 [http-nio-8080-exec-7] INFO  com.ticketWave.ticketWave.service.CustomerService - Get Event successful
2024-11-24 23:01:30,441 [http-nio-8080-exec-1] INFO  com.ticketWave.ticketWave.service.CustomerService - Get Event successful
2024-11-24 23:01:31,521 [http-nio-8080-exec-2] INFO  com.ticketWave.ticketWave.service.CustomerService - Get Event successful
2024-11-24 23:01:50,938 [http-nio-8080-exec-3] INFO  com.ticketWave.ticketWave.service.CustomerService - Get Event successful
2024-11-24 23:01:59,658 [http-nio-8080-exec-4] INFO  com.ticketWave.ticketWave.service.CustomerService - Get Event successful
2024-11-24 23:02:01,413 [http-nio-8080-exec-5] INFO  com.ticketWave.ticketWave.service.CustomerService - Get Event successful
2024-11-24 23:02:19,166 [http-nio-8080-exec-6] INFO  com.ticketWave.ticketWave.service.CustomerService - Get Event successful
2024-11-24 23:08:08,775 [http-nio-8080-exec-8] INFO  com.ticketWave.ticketWave.service.CustomerService - Get Event successful
2024-11-24 23:12:28,729 [http-nio-8080-exec-7] INFO  com.ticketWave.ticketWave.service.CustomerService - Get Event successful
2024-11-24 23:16:50,968 [http-nio-8080-exec-2] INFO  com.ticketWave.ticketWave.service.CustomerService - Get Event successful
2024-11-24 23:16:53,335 [http-nio-8080-exec-3] INFO  com.ticketWave.ticketWave.service.CustomerService - Get Event successful
2024-11-24 23:16:56,632 [http-nio-8080-exec-4] INFO  com.ticketWave.ticketWave.service.CustomerService - Get Event successful
2024-11-24 23:16:59,181 [http-nio-8080-exec-5] INFO  com.ticketWave.ticketWave.service.CustomerService - Get Event successful
2024-11-24 23:17:00,837 [http-nio-8080-exec-6] INFO  com.ticketWave.ticketWave.service.CustomerService - Get Event successful
2024-11-24 23:17:01,524 [http-nio-8080-exec-10] INFO  com.ticketWave.ticketWave.service.CustomerService - Get Event successful
2024-11-24 23:17:02,106 [http-nio-8080-exec-8] INFO  com.ticketWave.ticketWave.service.CustomerService - Get Event successful
2024-11-24 23:17:03,777 [http-nio-8080-exec-9] INFO  com.ticketWave.ticketWave.service.CustomerService - Get Event successful
2024-11-24 23:17:05,244 [http-nio-8080-exec-7] INFO  com.ticketWave.ticketWave.service.CustomerService - Get Event successful
2024-11-24 23:18:24,773 [http-nio-8080-exec-2] INFO  com.ticketWave.ticketWave.service.CustomerService - Get Event successful
2024-11-24 23:18:28,145 [http-nio-8080-exec-3] INFO  com.ticketWave.ticketWave.service.CustomerService - Get Event successful
2024-11-24 23:18:29,830 [http-nio-8080-exec-5] ERROR com.ticketWave.ticketWave.service.CustomerService - Invalid username or password
2024-11-24 23:18:31,596 [http-nio-8080-exec-6] ERROR com.ticketWave.ticketWave.service.CustomerService - Invalid username or password
2024-11-24 23:19:43,381 [http-nio-8080-exec-10] INFO  com.ticketWave.ticketWave.service.CustomerService - Get Event successful
2024-11-24 23:20:08,091 [http-nio-8080-exec-8] INFO  com.ticketWave.ticketWave.service.CustomerService - Get Event successful
2024-11-24 23:20:09,825 [http-nio-8080-exec-9] INFO  com.ticketWave.ticketWave.service.CustomerService - Get Event successful
2024-11-24 23:20:24,732 [http-nio-8080-exec-7] INFO  com.ticketWave.ticketWave.service.CustomerService - Customer1 logged in successfully
2024-11-24 23:20:38,443 [http-nio-8080-exec-1] INFO  com.ticketWave.ticketWave.service.CustomerService - Customer1 logged in successfully
2024-11-24 23:20:43,227 [http-nio-8080-exec-2] INFO  com.ticketWave.ticketWave.service.CustomerService - Get Event successful
2024-11-24 23:20:44,586 [http-nio-8080-exec-3] INFO  com.ticketWave.ticketWave.service.CustomerService - Get Event successful
2024-11-24 23:20:46,324 [http-nio-8080-exec-4] INFO  com.ticketWave.ticketWave.service.CustomerService - Get Event successful
2024-11-24 23:21:22,837 [http-nio-8080-exec-5] INFO  com.ticketWave.ticketWave.service.CustomerService - Get Event successful
2024-11-24 23:21:24,588 [http-nio-8080-exec-6] INFO  com.ticketWave.ticketWave.service.CustomerService - Get Event successful
2024-11-24 23:23:20,103 [http-nio-8080-exec-8] INFO  com.ticketWave.ticketWave.service.CustomerService - Get Event successful
2024-11-24 23:23:29,773 [http-nio-8080-exec-9] INFO  com.ticketWave.ticketWave.service.CustomerService - Get Event successful
2024-11-24 23:23:31,304 [http-nio-8080-exec-7] INFO  com.ticketWave.ticketWave.service.CustomerService - Get Event successful
2024-11-24 23:23:32,439 [http-nio-8080-exec-1] INFO  com.ticketWave.ticketWave.service.CustomerService - Get Event successful
2024-11-24 23:23:33,816 [http-nio-8080-exec-2] INFO  com.ticketWave.ticketWave.service.CustomerService - Get Event successful
2024-11-24 23:23:35,989 [http-nio-8080-exec-3] INFO  com.ticketWave.ticketWave.service.CustomerService - Get Event successful
2024-11-24 23:23:40,006 [http-nio-8080-exec-4] INFO  com.ticketWave.ticketWave.service.CustomerService - Get Event successful
2024-11-24 23:23:54,038 [http-nio-8080-exec-5] INFO  com.ticketWave.ticketWave.service.CustomerService - Get Event successful
2024-11-24 23:25:24,572 [http-nio-8080-exec-10] INFO  com.ticketWave.ticketWave.service.CustomerService - Get Event successful
2024-11-24 23:25:51,607 [http-nio-8080-exec-8] INFO  com.ticketWave.ticketWave.service.CustomerService - Get Event successful
2024-11-24 23:25:54,692 [http-nio-8080-exec-9] INFO  com.ticketWave.ticketWave.service.CustomerService - Get Event successful
2024-11-24 23:25:55,853 [http-nio-8080-exec-7] INFO  com.ticketWave.ticketWave.service.CustomerService - Get Event successful
2024-11-24 23:25:58,011 [http-nio-8080-exec-1] INFO  com.ticketWave.ticketWave.service.CustomerService - Get Event successful
2024-11-24 23:25:58,754 [http-nio-8080-exec-2] INFO  com.ticketWave.ticketWave.service.CustomerService - Get Event successful
2024-11-24 23:25:59,424 [http-nio-8080-exec-3] INFO  com.ticketWave.ticketWave.service.CustomerService - Get Event successful
2024-11-24 23:26:00,149 [http-nio-8080-exec-4] INFO  com.ticketWave.ticketWave.service.CustomerService - Get Event successful
2024-11-24 23:26:37,512 [http-nio-8080-exec-5] INFO  com.ticketWave.ticketWave.service.CustomerService - Get Event successful
2024-11-24 23:26:42,775 [http-nio-8080-exec-6] INFO  com.ticketWave.ticketWave.service.CustomerService - Get Event successful
2024-11-24 23:26:46,573 [http-nio-8080-exec-10] INFO  com.ticketWave.ticketWave.service.CustomerService - Get Event successful
2024-11-24 23:26:51,257 [http-nio-8080-exec-8] INFO  com.ticketWave.ticketWave.service.CustomerService - Get Event successful
2024-11-24 23:26:57,930 [http-nio-8080-exec-9] INFO  com.ticketWave.ticketWave.service.CustomerService - Get Event successful
2024-11-24 23:27:21,434 [http-nio-8080-exec-7] INFO  com.ticketWave.ticketWave.service.CustomerService - Get Event successful
2024-11-24 23:27:41,644 [http-nio-8080-exec-1] INFO  com.ticketWave.ticketWave.service.CustomerService - Customer1 logged in successfully
2024-11-24 23:27:44,238 [http-nio-8080-exec-2] INFO  com.ticketWave.ticketWave.service.CustomerService - Get Event successful
2024-11-24 23:28:13,044 [http-nio-8080-exec-3] INFO  com.ticketWave.ticketWave.service.CustomerService - Customer1 logged in successfully
2024-11-24 23:28:21,626 [http-nio-8080-exec-4] INFO  com.ticketWave.ticketWave.service.CustomerService - Customer1 logged in successfully
2024-11-24 23:41:40,759 [http-nio-8080-exec-6] INFO  com.ticketWave.ticketWave.service.CustomerService - Customer1 logged in successfully
2024-11-24 23:43:28,439 [http-nio-8080-exec-8] INFO  com.ticketWave.ticketWave.service.CustomerService - Get Event successful
2024-11-24 23:43:43,611 [http-nio-8080-exec-9] INFO  com.ticketWave.ticketWave.service.CustomerService - Get Event successful
2024-11-24 23:43:46,742 [http-nio-8080-exec-7] INFO  com.ticketWave.ticketWave.service.CustomerService - Get Event successful
2024-11-24 23:43:51,866 [http-nio-8080-exec-1] INFO  com.ticketWave.ticketWave.service.CustomerService - Get Event successful
2024-11-24 23:43:54,541 [http-nio-8080-exec-2] INFO  com.ticketWave.ticketWave.service.CustomerService - Get Event successful
2024-11-24 23:44:09,790 [http-nio-8080-exec-3] INFO  com.ticketWave.ticketWave.service.CustomerService - Customer1 logged in successfully
2024-11-24 23:44:22,648 [http-nio-8080-exec-4] INFO  com.ticketWave.ticketWave.service.CustomerService - Get Event successful
2024-11-24 23:44:32,059 [http-nio-8080-exec-5] INFO  com.ticketWave.ticketWave.service.CustomerService - Customer1 logged in successfully
2024-11-24 23:45:13,093 [http-nio-8080-exec-6] INFO  com.ticketWave.ticketWave.service.CustomerService - Get Event successful
2024-11-24 23:45:14,953 [http-nio-8080-exec-10] INFO  com.ticketWave.ticketWave.service.CustomerService - Get Event successful
2024-11-24 23:46:23,976 [http-nio-8080-exec-9] INFO  com.ticketWave.ticketWave.service.CustomerService - Get Event successful
2024-11-24 23:46:40,392 [http-nio-8080-exec-7] INFO  com.ticketWave.ticketWave.service.CustomerService - Get Event successful
2024-11-24 23:47:02,323 [http-nio-8080-exec-1] INFO  com.ticketWave.ticketWave.service.CustomerService - Get Event successful
2024-11-24 23:51:59,106 [http-nio-8080-exec-3] INFO  com.ticketWave.ticketWave.service.CustomerService - Get Event successful
2024-11-24 23:53:16,074 [http-nio-8080-exec-5] INFO  com.ticketWave.ticketWave.service.CustomerService - Get Event successful
2024-11-24 23:54:02,164 [http-nio-8080-exec-6] INFO  com.ticketWave.ticketWave.service.CustomerService - Get Event successful
2024-11-24 23:54:20,451 [http-nio-8080-exec-10] INFO  com.ticketWave.ticketWave.service.CustomerService - Get Event successful
2024-11-24 23:54:42,689 [http-nio-8080-exec-8] INFO  com.ticketWave.ticketWave.service.CustomerService - Get Event successful
2024-11-24 23:55:17,322 [http-nio-8080-exec-9] INFO  com.ticketWave.ticketWave.service.CustomerService - Get Event successful
2024-11-24 23:55:20,722 [http-nio-8080-exec-7] INFO  com.ticketWave.ticketWave.service.CustomerService - Get Event successful
2024-11-24 23:55:32,738 [http-nio-8080-exec-1] INFO  com.ticketWave.ticketWave.service.CustomerService - Get Event successful
2024-11-24 23:55:50,232 [http-nio-8080-exec-2] INFO  com.ticketWave.ticketWave.service.CustomerService - Get Event successful
2024-11-24 23:56:44,221 [http-nio-8080-exec-3] INFO  com.ticketWave.ticketWave.service.CustomerService - Get Event successful
2024-11-24 23:57:13,893 [http-nio-8080-exec-4] INFO  com.ticketWave.ticketWave.service.CustomerService - Get Event successful
2024-11-25 00:02:10,363 [http-nio-8080-exec-6] INFO  com.ticketWave.ticketWave.service.CustomerService - Get Event successful
2024-11-25 00:02:31,873 [http-nio-8080-exec-10] INFO  com.ticketWave.ticketWave.service.CustomerService - Get Event successful
2024-11-25 00:02:55,838 [http-nio-8080-exec-8] INFO  com.ticketWave.ticketWave.service.CustomerService - Get Event successful
2024-11-25 00:03:14,657 [http-nio-8080-exec-9] INFO  com.ticketWave.ticketWave.service.CustomerService - Get Event successful
2024-11-25 00:04:05,485 [http-nio-8080-exec-7] INFO  com.ticketWave.ticketWave.service.CustomerService - Get Event successful
2024-11-25 00:04:14,913 [http-nio-8080-exec-1] INFO  com.ticketWave.ticketWave.service.CustomerService - Get Event successful
2024-11-25 00:04:43,810 [http-nio-8080-exec-2] INFO  com.ticketWave.ticketWave.service.CustomerService - Get Event successful
2024-11-25 00:05:23,173 [http-nio-8080-exec-3] INFO  com.ticketWave.ticketWave.service.CustomerService - Get Event successful
2024-11-25 00:05:26,683 [http-nio-8080-exec-4] INFO  com.ticketWave.ticketWave.service.CustomerService - Get Event successful
2024-11-25 00:05:57,072 [http-nio-8080-exec-5] INFO  com.ticketWave.ticketWave.service.CustomerService - Get Event successful
2024-11-25 00:06:13,246 [http-nio-8080-exec-6] INFO  com.ticketWave.ticketWave.service.CustomerService - Get Event successful
2024-11-25 00:06:26,174 [http-nio-8080-exec-10] INFO  com.ticketWave.ticketWave.service.CustomerService - Get Event successful
2024-11-25 00:06:46,849 [http-nio-8080-exec-8] INFO  com.ticketWave.ticketWave.service.CustomerService - Get Event successful
2024-11-25 00:07:00,747 [http-nio-8080-exec-9] INFO  com.ticketWave.ticketWave.service.CustomerService - Get Event successful
2024-11-25 00:07:07,467 [http-nio-8080-exec-7] INFO  com.ticketWave.ticketWave.service.CustomerService - Get Event successful
2024-11-25 00:07:20,357 [http-nio-8080-exec-1] INFO  com.ticketWave.ticketWave.service.CustomerService - Get Event successful
2024-11-25 00:07:26,095 [http-nio-8080-exec-2] INFO  com.ticketWave.ticketWave.service.CustomerService - Get Event successful
2024-11-25 00:07:29,271 [http-nio-8080-exec-3] INFO  com.ticketWave.ticketWave.service.CustomerService - Get Event successful
2024-11-25 00:07:32,623 [http-nio-8080-exec-4] INFO  com.ticketWave.ticketWave.service.CustomerService - Get Event successful
2024-11-25 00:07:42,002 [http-nio-8080-exec-5] INFO  com.ticketWave.ticketWave.service.CustomerService - Get Event successful
2024-11-25 00:08:10,780 [http-nio-8080-exec-6] INFO  com.ticketWave.ticketWave.service.CustomerService - Get Event successful
2024-11-25 00:09:54,958 [http-nio-8080-exec-8] INFO  com.ticketWave.ticketWave.service.CustomerService - Get Event successful
2024-11-25 00:18:06,611 [http-nio-8080-exec-7] INFO  com.ticketWave.ticketWave.service.CustomerService - Get Event successful
2024-11-25 00:19:23,092 [http-nio-8080-exec-2] INFO  com.ticketWave.ticketWave.service.CustomerService - Get Event successful
2024-11-25 00:20:14,075 [http-nio-8080-exec-3] INFO  com.ticketWave.ticketWave.service.CustomerService - Get Event successful
2024-11-25 00:21:09,074 [http-nio-8080-exec-4] INFO  com.ticketWave.ticketWave.service.CustomerService - Get Event successful
2024-11-25 00:22:17,391 [http-nio-8080-exec-10] INFO  com.ticketWave.ticketWave.service.CustomerService - Get Event successful
2024-11-25 00:24:28,011 [http-nio-8080-exec-5] INFO  com.ticketWave.ticketWave.service.CustomerService - Get Event successful
2024-11-25 00:25:50,086 [http-nio-8080-exec-1] INFO  com.ticketWave.ticketWave.service.CustomerService - Get Event successful
2024-11-25 00:26:54,475 [http-nio-8080-exec-3] INFO  com.ticketWave.ticketWave.service.ConfigurationService - Configuration saved
2024-11-25 00:26:58,099 [http-nio-8080-exec-5] INFO  com.ticketWave.ticketWave.service.AdminService - System started successfully
2024-11-25 00:27:05,217 [Thread-1] INFO  com.ticketWave.ticketWave.service.ConfigurationService - Configuration found
2024-11-25 00:27:52,480 [http-nio-8080-exec-10] INFO  com.ticketWave.ticketWave.service.VendorService - Vendor Sithum registered successfully
2024-11-25 00:28:07,309 [Thread-2] INFO  com.ticketWave.ticketWave.service.ConfigurationService - Configuration found
2024-11-25 00:28:07,311 [Thread-2] INFO  com.ticketWave.ticketWave.service.ConfigurationService - Configuration found
2024-11-25 00:28:07,313 [Thread-2] INFO  com.ticketWave.ticketWave.service.ConfigurationService - Configuration found
2024-11-25 00:28:07,330 [Thread-2] INFO  com.ticketWave.ticketWave.service.TicketService - Vendor set successful
2024-11-25 00:28:07,642 [Thread-2] INFO  com.ticketWave.ticketWave.service.TicketService - Vendor set successful
2024-11-25 00:28:07,954 [Thread-2] INFO  com.ticketWave.ticketWave.service.VendorService - Vendor 2 released 2 tickets
2024-11-25 00:28:07,965 [Thread-1] INFO  com.ticketWave.ticketWave.service.TicketService - Ticket save successful
2024-11-25 00:29:02,659 [Thread-3] INFO  com.ticketWave.ticketWave.service.ConfigurationService - Configuration found
2024-11-25 00:29:20,583 [Thread-4] INFO  com.ticketWave.ticketWave.service.ConfigurationService - Configuration found
2024-11-25 00:29:20,585 [Thread-4] INFO  com.ticketWave.ticketWave.service.ConfigurationService - Configuration found
2024-11-25 00:29:20,587 [Thread-4] INFO  com.ticketWave.ticketWave.service.ConfigurationService - Configuration found
2024-11-25 00:29:20,589 [Thread-4] INFO  com.ticketWave.ticketWave.service.TicketService - Vendor set successful
2024-11-25 00:29:20,905 [Thread-4] INFO  com.ticketWave.ticketWave.service.TicketService - Vendor set successful
2024-11-25 00:29:21,211 [Thread-4] INFO  com.ticketWave.ticketWave.service.VendorService - Vendor 2 released 2 tickets
2024-11-25 00:29:21,215 [Thread-3] INFO  com.ticketWave.ticketWave.service.TicketService - Ticket save successful
2024-11-25 00:35:59,329 [Thread-5] INFO  com.ticketWave.ticketWave.service.ConfigurationService - Configuration found
2024-11-25 00:35:59,331 [Thread-5] INFO  com.ticketWave.ticketWave.service.ConfigurationService - Configuration found
2024-11-25 00:35:59,332 [Thread-5] INFO  com.ticketWave.ticketWave.service.ConfigurationService - Configuration found
2024-11-25 00:35:59,334 [Thread-5] INFO  com.ticketWave.ticketWave.service.TicketService - Vendor set successful
2024-11-25 00:35:59,651 [Thread-5] INFO  com.ticketWave.ticketWave.service.TicketService - Vendor set successful
2024-11-25 00:35:59,961 [Thread-5] INFO  com.ticketWave.ticketWave.service.VendorService - Vendor 2 released 2 tickets
2024-11-25 00:36:37,013 [Thread-6] INFO  com.ticketWave.ticketWave.service.ConfigurationService - Configuration found
2024-11-25 00:36:37,017 [Thread-6] INFO  com.ticketWave.ticketWave.service.TicketService - Ticket save successful
2024-11-25 00:38:30,330 [Thread-7] INFO  com.ticketWave.ticketWave.service.ConfigurationService - Configuration found
2024-11-25 00:38:30,333 [Thread-7] INFO  com.ticketWave.ticketWave.service.TicketService - Ticket save successful
2024-11-25 00:40:01,323 [http-nio-8080-exec-3] INFO  com.ticketWave.ticketWave.service.CustomerService - Get Event successful
2024-11-25 00:40:36,421 [Thread-8] INFO  com.ticketWave.ticketWave.service.ConfigurationService - Configuration found
2024-11-25 00:40:36,425 [Thread-8] INFO  com.ticketWave.ticketWave.service.ConfigurationService - Configuration found
2024-11-25 00:40:36,426 [Thread-8] INFO  com.ticketWave.ticketWave.service.ConfigurationService - Configuration found
2024-11-25 00:40:36,428 [Thread-8] INFO  com.ticketWave.ticketWave.service.TicketService - Vendor set successful
2024-11-25 00:40:36,747 [Thread-8] INFO  com.ticketWave.ticketWave.service.TicketService - Vendor set successful
2024-11-25 00:40:37,052 [Thread-8] INFO  com.ticketWave.ticketWave.service.VendorService - Vendor 2 released 2 tickets
2024-11-25 00:40:55,310 [Thread-9] INFO  com.ticketWave.ticketWave.service.ConfigurationService - Configuration found
2024-11-25 00:40:55,314 [Thread-9] INFO  com.ticketWave.ticketWave.service.TicketService - Ticket save successful
2024-11-25 00:47:03,258 [http-nio-8080-exec-1] INFO  com.ticketWave.ticketWave.service.AdminService - System started successfully
2024-11-25 00:47:13,424 [Thread-1] INFO  com.ticketWave.ticketWave.service.ConfigurationService - Configuration found
2024-11-25 00:47:13,449 [Thread-1] INFO  com.ticketWave.ticketWave.service.ConfigurationService - Configuration found
2024-11-25 00:47:13,451 [Thread-1] INFO  com.ticketWave.ticketWave.service.ConfigurationService - Configuration found
2024-11-25 00:47:13,500 [Thread-1] INFO  com.ticketWave.ticketWave.service.TicketService - Vendor set successful
2024-11-25 00:47:13,822 [Thread-1] INFO  com.ticketWave.ticketWave.service.TicketService - Vendor set successful
2024-11-25 00:47:14,137 [Thread-1] INFO  com.ticketWave.ticketWave.service.VendorService - Vendor 2 released 2 tickets
2024-11-25 00:47:20,991 [Thread-2] INFO  com.ticketWave.ticketWave.service.ConfigurationService - Configuration found
2024-11-25 00:47:21,019 [Thread-2] INFO  com.ticketWave.ticketWave.service.TicketService - Ticket save successful
2024-11-25 00:47:21,030 [Thread-2] INFO  com.ticketWave.ticketWave.service.ConfigurationService - Configuration saved
2024-11-25 00:47:21,036 [Thread-2] INFO  com.ticketWave.ticketWave.service.CustomerService - Customer1 purchased a ticket.
2024-11-25 00:47:21,344 [Thread-2] INFO  com.ticketWave.ticketWave.service.CustomerService - Customer 1 successfully purchased all requested tickets.
2024-11-25 00:47:44,313 [Thread-3] INFO  com.ticketWave.ticketWave.service.ConfigurationService - Configuration found
2024-11-25 00:47:58,908 [Thread-4] INFO  com.ticketWave.ticketWave.service.ConfigurationService - Configuration found
2024-11-25 00:47:58,911 [Thread-4] INFO  com.ticketWave.ticketWave.service.ConfigurationService - Configuration found
2024-11-25 00:47:58,914 [Thread-4] INFO  com.ticketWave.ticketWave.service.ConfigurationService - Configuration found
2024-11-25 00:47:58,917 [Thread-4] INFO  com.ticketWave.ticketWave.service.TicketService - Vendor set successful
2024-11-25 00:47:59,232 [Thread-4] INFO  com.ticketWave.ticketWave.service.TicketService - Vendor set successful
2024-11-25 00:47:59,539 [Thread-4] INFO  com.ticketWave.ticketWave.service.VendorService - Vendor 2 released 2 tickets
2024-11-25 00:47:59,542 [Thread-3] INFO  com.ticketWave.ticketWave.service.TicketService - Ticket save successful
2024-11-25 00:47:59,560 [Thread-3] INFO  com.ticketWave.ticketWave.service.ConfigurationService - Configuration saved
2024-11-25 00:47:59,564 [Thread-3] INFO  com.ticketWave.ticketWave.service.CustomerService - Customer1 purchased a ticket.
2024-11-25 00:47:59,869 [Thread-3] INFO  com.ticketWave.ticketWave.service.TicketService - Ticket save successful
2024-11-25 00:47:59,875 [Thread-3] INFO  com.ticketWave.ticketWave.service.ConfigurationService - Configuration saved
2024-11-25 00:47:59,879 [Thread-3] INFO  com.ticketWave.ticketWave.service.CustomerService - Customer1 purchased a ticket.
2024-11-25 00:48:00,198 [Thread-3] INFO  com.ticketWave.ticketWave.service.TicketService - Ticket save successful
2024-11-25 00:48:00,209 [Thread-3] INFO  com.ticketWave.ticketWave.service.ConfigurationService - Configuration saved
2024-11-25 00:48:00,214 [Thread-3] INFO  com.ticketWave.ticketWave.service.CustomerService - Customer1 purchased a ticket.
2024-11-25 00:48:00,523 [Thread-3] INFO  com.ticketWave.ticketWave.service.CustomerService - Customer 1 successfully purchased all requested tickets.
2024-11-25 00:48:19,310 [Thread-5] INFO  com.ticketWave.ticketWave.service.ConfigurationService - Configuration found
2024-11-25 00:48:32,702 [Thread-6] INFO  com.ticketWave.ticketWave.service.ConfigurationService - Configuration found
2024-11-25 00:48:32,705 [Thread-6] INFO  com.ticketWave.ticketWave.service.ConfigurationService - Configuration found
2024-11-25 00:48:32,708 [Thread-6] INFO  com.ticketWave.ticketWave.service.ConfigurationService - Configuration found
2024-11-25 00:48:32,710 [Thread-6] INFO  com.ticketWave.ticketWave.service.TicketService - Vendor set successful
2024-11-25 00:48:33,024 [Thread-6] INFO  com.ticketWave.ticketWave.service.TicketService - Vendor set successful
2024-11-25 00:48:33,337 [Thread-6] INFO  com.ticketWave.ticketWave.service.VendorService - Vendor 2 released 2 tickets
2024-11-25 00:48:40,579 [Thread-7] INFO  com.ticketWave.ticketWave.service.ConfigurationService - Configuration found
2024-11-25 00:48:40,584 [Thread-7] INFO  com.ticketWave.ticketWave.service.ConfigurationService - Configuration found
2024-11-25 00:48:40,588 [Thread-7] INFO  com.ticketWave.ticketWave.service.ConfigurationService - Configuration found
2024-11-25 00:48:40,589 [Thread-7] INFO  com.ticketWave.ticketWave.service.VendorService - Vendor waiting pool becomes available
2024-11-25 00:48:56,901 [Thread-8] INFO  com.ticketWave.ticketWave.service.ConfigurationService - Configuration found
2024-11-25 00:48:56,903 [Thread-8] INFO  com.ticketWave.ticketWave.service.ConfigurationService - Configuration found
2024-11-25 00:48:56,906 [Thread-8] INFO  com.ticketWave.ticketWave.service.ConfigurationService - Configuration found
2024-11-25 00:48:56,909 [Thread-8] INFO  com.ticketWave.ticketWave.service.TicketService - Vendor set successful
2024-11-25 00:48:57,221 [Thread-8] INFO  com.ticketWave.ticketWave.service.TicketService - Vendor set successful
2024-11-25 00:48:57,529 [Thread-8] INFO  com.ticketWave.ticketWave.service.TicketService - Vendor set successful
2024-11-25 00:48:57,844 [Thread-8] INFO  com.ticketWave.ticketWave.service.TicketService - Vendor set successful
2024-11-25 00:48:58,148 [Thread-8] INFO  com.ticketWave.ticketWave.service.VendorService - Vendor 2 released 4 tickets
2024-11-25 00:48:58,150 [Thread-5] INFO  com.ticketWave.ticketWave.service.TicketService - Ticket save successful
2024-11-25 00:48:58,157 [Thread-5] INFO  com.ticketWave.ticketWave.service.ConfigurationService - Configuration saved
2024-11-25 00:48:58,162 [Thread-5] INFO  com.ticketWave.ticketWave.service.CustomerService - Customer1 purchased a ticket.
2024-11-25 00:48:58,485 [Thread-5] INFO  com.ticketWave.ticketWave.service.TicketService - Ticket save successful
2024-11-25 00:48:58,505 [Thread-5] INFO  com.ticketWave.ticketWave.service.ConfigurationService - Configuration saved
2024-11-25 00:48:58,512 [Thread-5] INFO  com.ticketWave.ticketWave.service.CustomerService - Customer1 purchased a ticket.
2024-11-25 00:48:58,821 [Thread-5] INFO  com.ticketWave.ticketWave.service.TicketService - Ticket save successful
2024-11-25 00:48:58,827 [Thread-5] INFO  com.ticketWave.ticketWave.service.ConfigurationService - Configuration saved
2024-11-25 00:48:58,830 [Thread-5] INFO  com.ticketWave.ticketWave.service.CustomerService - Customer1 purchased a ticket.
2024-11-25 00:48:59,147 [Thread-5] INFO  com.ticketWave.ticketWave.service.TicketService - Ticket save successful
2024-11-25 00:48:59,156 [Thread-5] INFO  com.ticketWave.ticketWave.service.ConfigurationService - Configuration saved
2024-11-25 00:48:59,159 [Thread-5] INFO  com.ticketWave.ticketWave.service.CustomerService - Customer1 purchased a ticket.
2024-11-25 00:48:59,470 [Thread-5] INFO  com.ticketWave.ticketWave.service.CustomerService - Customer 1 successfully purchased all requested tickets.
2024-11-25 11:37:38,051 [http-nio-8080-exec-1] INFO  com.ticketWave.ticketWave.service.CustomerService - Get Event successful
2024-11-25 11:37:44,707 [http-nio-8080-exec-5] INFO  com.ticketWave.ticketWave.service.CustomerService - Get Event successful
2024-11-25 11:38:09,782 [http-nio-8080-exec-3] INFO  com.ticketWave.ticketWave.service.CustomerService - Get Event successful
2024-11-25 11:50:19,430 [http-nio-8080-exec-2] INFO  com.ticketWave.ticketWave.service.CustomerService - Get Event successful
2024-11-25 11:50:37,450 [http-nio-8080-exec-6] INFO  com.ticketWave.ticketWave.service.CustomerService - Get Event successful
2024-11-25 11:50:47,042 [http-nio-8080-exec-8] INFO  com.ticketWave.ticketWave.service.CustomerService - Customer1 logged in successfully
2024-11-25 11:50:57,632 [http-nio-8080-exec-9] INFO  com.ticketWave.ticketWave.service.CustomerService - Get Event successful
2024-11-25 11:52:04,044 [http-nio-8080-exec-3] INFO  com.ticketWave.ticketWave.service.CustomerService - Get Event successful
2024-11-25 11:54:24,446 [http-nio-8080-exec-7] INFO  com.ticketWave.ticketWave.service.AdminService - System started successfully
2024-11-25 11:54:27,125 [Thread-1] INFO  com.ticketWave.ticketWave.service.ConfigurationService - Configuration found
2024-11-25 11:55:15,408 [Thread-2] INFO  com.ticketWave.ticketWave.service.ConfigurationService - Configuration found
2024-11-25 11:55:15,411 [Thread-2] INFO  com.ticketWave.ticketWave.service.ConfigurationService - Configuration found
2024-11-25 11:55:15,414 [Thread-2] INFO  com.ticketWave.ticketWave.service.ConfigurationService - Configuration found
2024-11-25 11:55:15,421 [Thread-2] INFO  com.ticketWave.ticketWave.service.TicketService - Vendor set successful
2024-11-25 11:55:15,735 [Thread-2] INFO  com.ticketWave.ticketWave.service.VendorService - Vendor 2 released 1 tickets
2024-11-25 11:55:15,775 [Thread-1] INFO  com.ticketWave.ticketWave.service.TicketService - Ticket save successful
2024-11-25 11:55:15,787 [Thread-1] INFO  com.ticketWave.ticketWave.service.ConfigurationService - Configuration saved
2024-11-25 11:55:15,793 [Thread-1] INFO  com.ticketWave.ticketWave.service.CustomerService - Customer1 purchased a ticket.
2024-11-25 11:55:16,095 [Thread-1] INFO  com.ticketWave.ticketWave.service.CustomerService - Customer 1 successfully purchased all requested tickets.
2024-11-25 11:55:31,453 [Thread-3] INFO  com.ticketWave.ticketWave.service.ConfigurationService - Configuration found
2024-11-25 11:55:31,457 [Thread-3] INFO  com.ticketWave.ticketWave.service.ConfigurationService - Configuration found
2024-11-25 11:55:31,460 [Thread-3] INFO  com.ticketWave.ticketWave.service.ConfigurationService - Configuration found
2024-11-25 11:55:31,464 [Thread-3] INFO  com.ticketWave.ticketWave.service.TicketService - Vendor set successful
2024-11-25 11:55:31,772 [Thread-3] INFO  com.ticketWave.ticketWave.service.VendorService - Vendor 2 released 1 tickets
2024-11-25 11:55:33,146 [Thread-4] INFO  com.ticketWave.ticketWave.service.ConfigurationService - Configuration found
2024-11-25 11:55:33,150 [Thread-4] INFO  com.ticketWave.ticketWave.service.TicketService - Ticket save successful
2024-11-25 11:55:33,160 [Thread-4] INFO  com.ticketWave.ticketWave.service.ConfigurationService - Configuration saved
2024-11-25 11:55:33,164 [Thread-4] INFO  com.ticketWave.ticketWave.service.CustomerService - Customer1 purchased a ticket.
2024-11-25 11:55:33,473 [Thread-4] INFO  com.ticketWave.ticketWave.service.CustomerService - Customer 1 successfully purchased all requested tickets.
2024-11-25 11:55:50,087 [Thread-5] INFO  com.ticketWave.ticketWave.service.ConfigurationService - Configuration found
2024-11-25 11:55:50,090 [Thread-5] INFO  com.ticketWave.ticketWave.service.ConfigurationService - Configuration found
2024-11-25 11:55:50,095 [Thread-5] INFO  com.ticketWave.ticketWave.service.ConfigurationService - Configuration found
2024-11-25 11:55:50,098 [Thread-5] INFO  com.ticketWave.ticketWave.service.TicketService - Vendor set successful
2024-11-25 11:55:50,401 [Thread-5] INFO  com.ticketWave.ticketWave.service.VendorService - Vendor 2 released 1 tickets
2024-11-25 11:56:02,513 [http-nio-8080-exec-4] INFO  com.ticketWave.ticketWave.service.CustomerService - Get Event successful
2024-11-25 11:57:04,510 [Thread-6] INFO  com.ticketWave.ticketWave.service.ConfigurationService - Configuration found
2024-11-25 11:57:04,517 [Thread-6] INFO  com.ticketWave.ticketWave.service.TicketService - Ticket save successful
2024-11-25 11:57:04,535 [Thread-6] INFO  com.ticketWave.ticketWave.service.ConfigurationService - Configuration saved
2024-11-25 11:57:04,541 [Thread-6] INFO  com.ticketWave.ticketWave.service.CustomerService - Customer1 purchased a ticket.
2024-11-25 11:57:04,855 [Thread-6] INFO  com.ticketWave.ticketWave.service.CustomerService - Customer 1 successfully purchased all requested tickets.
2024-11-25 12:05:06,798 [Thread-7] INFO  com.ticketWave.ticketWave.service.ConfigurationService - Configuration found
2024-11-25 12:06:54,624 [http-nio-8080-exec-5] INFO  com.ticketWave.ticketWave.service.CustomerService - Get Event successful
2024-11-25 12:07:00,012 [http-nio-8080-exec-3] INFO  com.ticketWave.ticketWave.service.CustomerService - Get Event successful
2024-11-25 12:07:11,720 [Thread-8] INFO  com.ticketWave.ticketWave.service.ConfigurationService - Configuration found
2024-11-25 12:07:11,724 [Thread-8] INFO  com.ticketWave.ticketWave.service.ConfigurationService - Configuration found
2024-11-25 12:07:11,726 [Thread-8] INFO  com.ticketWave.ticketWave.service.ConfigurationService - Configuration found
2024-11-25 12:07:11,730 [Thread-8] INFO  com.ticketWave.ticketWave.service.TicketService - Vendor set successful
2024-11-25 12:07:12,036 [Thread-8] INFO  com.ticketWave.ticketWave.service.VendorService - Vendor 2 released 1 tickets
2024-11-25 12:07:12,049 [Thread-7] INFO  com.ticketWave.ticketWave.service.TicketService - Ticket save successful
2024-11-25 12:07:12,067 [Thread-7] INFO  com.ticketWave.ticketWave.service.ConfigurationService - Configuration saved
2024-11-25 12:07:12,074 [Thread-7] INFO  com.ticketWave.ticketWave.service.CustomerService - Customer1 purchased a ticket.
2024-11-25 12:07:12,381 [Thread-7] INFO  com.ticketWave.ticketWave.service.CustomerService - Customer 1 successfully purchased all requested tickets.
2024-11-25 12:07:16,298 [Thread-9] INFO  com.ticketWave.ticketWave.service.ConfigurationService - Configuration found
2024-11-25 12:07:49,647 [Thread-10] INFO  com.ticketWave.ticketWave.service.ConfigurationService - Configuration found
2024-11-25 12:07:49,652 [Thread-10] INFO  com.ticketWave.ticketWave.service.ConfigurationService - Configuration found
2024-11-25 12:07:49,656 [Thread-10] INFO  com.ticketWave.ticketWave.service.ConfigurationService - Configuration found
2024-11-25 12:07:49,658 [Thread-10] INFO  com.ticketWave.ticketWave.service.TicketService - Vendor set successful
2024-11-25 12:07:49,967 [Thread-10] INFO  com.ticketWave.ticketWave.service.VendorService - Vendor 2 released 1 tickets
2024-11-25 12:07:49,970 [Thread-9] INFO  com.ticketWave.ticketWave.service.TicketService - Ticket save successful
2024-11-25 12:07:49,978 [Thread-9] INFO  com.ticketWave.ticketWave.service.ConfigurationService - Configuration saved
2024-11-25 12:07:49,984 [Thread-9] INFO  com.ticketWave.ticketWave.service.CustomerService - Customer1 purchased a ticket.
2024-11-25 12:07:50,295 [Thread-9] INFO  com.ticketWave.ticketWave.service.CustomerService - Customer 1 successfully purchased all requested tickets.
2024-11-25 12:07:58,674 [http-nio-8080-exec-8] INFO  com.ticketWave.ticketWave.service.CustomerService - Get Event successful
2024-11-25 12:08:13,047 [http-nio-8080-exec-9] INFO  com.ticketWave.ticketWave.service.CustomerService - Get Event successful
2024-11-25 12:08:14,426 [http-nio-8080-exec-10] INFO  com.ticketWave.ticketWave.service.CustomerService - Get Event successful
2024-11-25 12:08:17,394 [http-nio-8080-exec-1] INFO  com.ticketWave.ticketWave.service.CustomerService - Get Event successful
2024-11-25 12:08:23,719 [http-nio-8080-exec-5] INFO  com.ticketWave.ticketWave.service.CustomerService - Get Event successful
2024-11-25 12:16:29,600 [http-nio-8080-exec-2] INFO  com.ticketWave.ticketWave.service.CustomerService - Get Event successful
2024-11-25 12:19:15,522 [http-nio-8080-exec-8] ERROR com.ticketWave.ticketWave.service.CustomerService - Invalid username or password
2024-11-25 12:24:45,784 [http-nio-8080-exec-9] INFO  com.ticketWave.ticketWave.service.CustomerService - Get Event successful
2024-11-25 12:28:41,474 [http-nio-8080-exec-1] INFO  com.ticketWave.ticketWave.service.CustomerService - Get Event successful
2024-11-25 12:28:46,522 [http-nio-8080-exec-5] INFO  com.ticketWave.ticketWave.service.CustomerService - Get Event successful
2024-11-25 12:28:56,295 [http-nio-8080-exec-4] INFO  com.ticketWave.ticketWave.service.CustomerService - Customer1 logged in successfully
2024-11-25 12:29:33,230 [http-nio-8080-exec-2] INFO  com.ticketWave.ticketWave.service.CustomerService - Customer1 logged in successfully
2024-11-25 12:29:38,270 [http-nio-8080-exec-6] ERROR com.ticketWave.ticketWave.service.CustomerService - Invalid username or password
2024-11-25 12:29:41,809 [http-nio-8080-exec-7] INFO  com.ticketWave.ticketWave.service.CustomerService - Get Event successful
2024-11-25 12:29:45,125 [http-nio-8080-exec-8] INFO  com.ticketWave.ticketWave.service.CustomerService - Get Event successful
2024-11-25 12:29:48,155 [http-nio-8080-exec-9] INFO  com.ticketWave.ticketWave.service.CustomerService - Get Event successful
2024-11-25 12:30:04,205 [http-nio-8080-exec-10] INFO  com.ticketWave.ticketWave.service.CustomerService - Customer1 logged in successfully
2024-11-25 12:30:16,151 [http-nio-8080-exec-1] INFO  com.ticketWave.ticketWave.service.CustomerService - Get Event successful
2024-11-25 12:30:17,363 [http-nio-8080-exec-5] INFO  com.ticketWave.ticketWave.service.CustomerService - Get Event successful
2024-11-25 12:31:46,089 [http-nio-8080-exec-4] INFO  com.ticketWave.ticketWave.service.CustomerService - Get Event successful
2024-11-25 12:32:05,039 [http-nio-8080-exec-2] INFO  com.ticketWave.ticketWave.service.CustomerService - Get Event successful
2024-11-25 12:32:07,689 [http-nio-8080-exec-6] INFO  com.ticketWave.ticketWave.service.CustomerService - Get Event successful
2024-11-25 12:32:17,567 [http-nio-8080-exec-7] INFO  com.ticketWave.ticketWave.service.CustomerService - Customer1 logged in successfully
2024-11-25 12:32:38,797 [http-nio-8080-exec-8] INFO  com.ticketWave.ticketWave.service.CustomerService - Get Event successful
2024-11-25 12:33:27,534 [http-nio-8080-exec-9] INFO  com.ticketWave.ticketWave.service.CustomerService - Get Event successful
2024-11-25 12:37:19,822 [http-nio-8080-exec-1] INFO  com.ticketWave.ticketWave.service.CustomerService - Get Event successful
2024-11-25 12:37:51,840 [http-nio-8080-exec-5] INFO  com.ticketWave.ticketWave.service.CustomerService - Get Event successful
2024-11-25 12:39:03,246 [http-nio-8080-exec-6] INFO  com.ticketWave.ticketWave.service.CustomerService - Get Event successful
2024-11-25 12:39:53,269 [http-nio-8080-exec-7] INFO  com.ticketWave.ticketWave.service.CustomerService - Get Event successful
2024-11-25 12:40:06,224 [http-nio-8080-exec-8] INFO  com.ticketWave.ticketWave.service.CustomerService - Get Event successful
2024-11-25 12:40:15,198 [http-nio-8080-exec-9] INFO  com.ticketWave.ticketWave.service.CustomerService - Get Event successful
2024-11-25 12:40:49,249 [http-nio-8080-exec-10] INFO  com.ticketWave.ticketWave.service.CustomerService - Get Event successful
2024-11-25 12:42:15,192 [http-nio-8080-exec-3] INFO  com.ticketWave.ticketWave.service.CustomerService - Get Event successful
2024-11-25 12:42:31,280 [http-nio-8080-exec-5] INFO  com.ticketWave.ticketWave.service.CustomerService - Get Event successful
2024-11-25 12:43:19,244 [http-nio-8080-exec-4] INFO  com.ticketWave.ticketWave.service.CustomerService - Get Event successful
2024-11-25 12:43:50,181 [http-nio-8080-exec-2] INFO  com.ticketWave.ticketWave.service.CustomerService - Get Event successful
2024-11-25 12:44:14,194 [http-nio-8080-exec-6] INFO  com.ticketWave.ticketWave.service.CustomerService - Get Event successful
2024-11-25 12:44:28,207 [http-nio-8080-exec-7] INFO  com.ticketWave.ticketWave.service.CustomerService - Get Event successful
2024-11-25 12:44:35,137 [http-nio-8080-exec-8] INFO  com.ticketWave.ticketWave.service.CustomerService - Get Event successful
2024-11-25 12:45:41,717 [http-nio-8080-exec-10] INFO  com.ticketWave.ticketWave.service.CustomerService - Get Event successful
2024-11-25 13:30:08,821 [http-nio-8080-exec-3] INFO  com.ticketWave.ticketWave.service.CustomerService - Get Event successful
2024-11-25 13:30:22,255 [http-nio-8080-exec-5] INFO  com.ticketWave.ticketWave.service.CustomerService - Get Event successful
2024-11-25 13:37:54,149 [http-nio-8080-exec-2] INFO  com.ticketWave.ticketWave.service.CustomerService - Get Event successful
2024-11-25 13:38:03,053 [http-nio-8080-exec-6] INFO  com.ticketWave.ticketWave.service.CustomerService - Get Event successful
2024-11-25 13:38:05,538 [http-nio-8080-exec-7] INFO  com.ticketWave.ticketWave.service.CustomerService - Get Event successful
2024-11-25 13:38:10,767 [http-nio-8080-exec-8] INFO  com.ticketWave.ticketWave.service.CustomerService - Get Event successful
2024-11-25 16:08:37,712 [http-nio-8080-exec-10] INFO  com.ticketWave.ticketWave.service.CustomerService - Get Event successful
2024-11-25 17:06:24,407 [http-nio-8080-exec-5] INFO  com.ticketWave.ticketWave.service.ConfigurationService - Configuration saved
2024-11-25 17:06:27,344 [http-nio-8080-exec-4] INFO  com.ticketWave.ticketWave.service.ConfigurationService - Configuration saved
2024-11-25 17:22:18,809 [http-nio-8080-exec-6] INFO  com.ticketWave.ticketWave.service.ConfigurationService - Configuration saved
2024-11-25 17:22:31,826 [http-nio-8080-exec-7] INFO  com.ticketWave.ticketWave.service.ConfigurationService - Configuration found
2024-11-25 17:22:35,465 [http-nio-8080-exec-8] INFO  com.ticketWave.ticketWave.service.ConfigurationService - Configuration found
2024-11-25 17:24:55,851 [http-nio-8080-exec-3] INFO  com.ticketWave.ticketWave.service.ConfigurationService - Configuration found
2024-11-25 17:25:05,777 [http-nio-8080-exec-5] INFO  com.ticketWave.ticketWave.service.ConfigurationService - Configuration saved
2024-11-25 17:25:16,032 [http-nio-8080-exec-4] INFO  com.ticketWave.ticketWave.service.ConfigurationService - Configuration found
2024-11-25 17:25:35,290 [http-nio-8080-exec-6] INFO  com.ticketWave.ticketWave.service.ConfigurationService - Configuration saved
2024-11-25 17:25:46,351 [http-nio-8080-exec-7] INFO  com.ticketWave.ticketWave.service.ConfigurationService - Configuration found
2024-11-25 17:51:01,730 [http-nio-8080-exec-9] INFO  com.ticketWave.ticketWave.service.ConfigurationService - Configuration found
2024-11-25 17:52:27,732 [http-nio-8080-exec-3] INFO  com.ticketWave.ticketWave.service.ConfigurationService - Configuration saved
2024-11-25 17:52:47,519 [http-nio-8080-exec-5] INFO  com.ticketWave.ticketWave.service.ConfigurationService - Configuration found
2024-11-25 17:52:55,409 [http-nio-8080-exec-4] INFO  com.ticketWave.ticketWave.service.ConfigurationService - Configuration saved
2024-11-25 17:53:26,890 [http-nio-8080-exec-2] INFO  com.ticketWave.ticketWave.service.ConfigurationService - Configuration saved
2024-11-25 17:54:17,096 [http-nio-8080-exec-6] INFO  com.ticketWave.ticketWave.service.ConfigurationService - Configuration found
2024-11-25 17:54:21,462 [http-nio-8080-exec-7] INFO  com.ticketWave.ticketWave.service.ConfigurationService - Configuration found
2024-11-25 17:58:20,308 [http-nio-8080-exec-9] INFO  com.ticketWave.ticketWave.service.ConfigurationService - Configuration found
2024-11-25 17:58:48,982 [http-nio-8080-exec-10] INFO  com.ticketWave.ticketWave.service.ConfigurationService - Configuration found
2024-11-25 18:01:26,351 [http-nio-8080-exec-3] INFO  com.ticketWave.ticketWave.service.ConfigurationService - Configuration found
2024-11-25 18:02:26,200 [http-nio-8080-exec-5] INFO  com.ticketWave.ticketWave.service.ConfigurationService - Configuration found
2024-11-25 18:02:32,457 [http-nio-8080-exec-4] INFO  com.ticketWave.ticketWave.service.ConfigurationService - Configuration saved
2024-11-25 18:02:44,714 [http-nio-8080-exec-2] INFO  com.ticketWave.ticketWave.service.ConfigurationService - Configuration saved
2024-11-25 18:02:47,484 [http-nio-8080-exec-6] INFO  com.ticketWave.ticketWave.service.ConfigurationService - Configuration saved
2024-11-25 18:02:48,486 [http-nio-8080-exec-7] INFO  com.ticketWave.ticketWave.service.ConfigurationService - Configuration saved
2024-11-25 18:02:49,935 [http-nio-8080-exec-8] INFO  com.ticketWave.ticketWave.service.ConfigurationService - Configuration saved
2024-11-25 18:03:15,478 [http-nio-8080-exec-9] INFO  com.ticketWave.ticketWave.service.ConfigurationService - Configuration saved
2024-11-25 18:04:31,389 [http-nio-8080-exec-1] INFO  com.ticketWave.ticketWave.service.ConfigurationService - Configuration found
2024-11-25 18:04:59,631 [http-nio-8080-exec-3] INFO  com.ticketWave.ticketWave.service.ConfigurationService - Configuration saved
2024-11-25 20:02:11,882 [http-nio-8080-exec-4] INFO  com.ticketWave.ticketWave.service.ConfigurationService - Configuration found
2024-11-25 20:09:40,503 [http-nio-8080-exec-6] INFO  com.ticketWave.ticketWave.service.ConfigurationService - Configuration found
2024-11-25 20:09:43,759 [http-nio-8080-exec-7] INFO  com.ticketWave.ticketWave.service.ConfigurationService - Configuration found
2024-11-25 20:09:43,760 [http-nio-8080-exec-7] INFO  com.ticketWave.ticketWave.service.AdminService - System started successfully
2024-11-25 20:09:58,392 [http-nio-8080-exec-8] INFO  com.ticketWave.ticketWave.service.ConfigurationService - Configuration found
2024-11-25 20:09:58,392 [http-nio-8080-exec-8] INFO  com.ticketWave.ticketWave.service.AdminService - System started successfully
2024-11-25 20:10:24,298 [http-nio-8080-exec-9] INFO  com.ticketWave.ticketWave.service.ConfigurationService - Configuration found
2024-11-25 20:10:31,601 [http-nio-8080-exec-10] INFO  com.ticketWave.ticketWave.service.ConfigurationService - Configuration found
2024-11-25 20:10:31,602 [http-nio-8080-exec-10] INFO  com.ticketWave.ticketWave.service.AdminService - System started successfully
2024-11-25 20:11:16,194 [http-nio-8080-exec-1] INFO  com.ticketWave.ticketWave.service.ConfigurationService - Configuration found
2024-11-25 20:11:19,065 [http-nio-8080-exec-3] INFO  com.ticketWave.ticketWave.service.ConfigurationService - Configuration found
2024-11-25 20:11:19,066 [http-nio-8080-exec-3] INFO  com.ticketWave.ticketWave.service.AdminService - System started successfully
2024-11-25 20:11:20,480 [http-nio-8080-exec-5] INFO  com.ticketWave.ticketWave.service.ConfigurationService - Configuration found
2024-11-25 20:11:20,481 [http-nio-8080-exec-5] INFO  com.ticketWave.ticketWave.service.AdminService - System started successfully
2024-11-25 20:13:41,649 [http-nio-8080-exec-2] INFO  com.ticketWave.ticketWave.service.ConfigurationService - Configuration found
2024-11-25 20:13:56,909 [http-nio-8080-exec-6] INFO  com.ticketWave.ticketWave.service.ConfigurationService - Configuration found
2024-11-25 20:13:56,910 [http-nio-8080-exec-6] INFO  com.ticketWave.ticketWave.service.AdminService - System started successfully
2024-11-25 20:15:02,958 [http-nio-8080-exec-8] INFO  com.ticketWave.ticketWave.service.ConfigurationService - Configuration found
2024-11-25 20:16:03,604 [http-nio-8080-exec-10] INFO  com.ticketWave.ticketWave.service.ConfigurationService - Configuration found
2024-11-25 20:16:03,605 [http-nio-8080-exec-10] INFO  com.ticketWave.ticketWave.service.AdminService - System started successfully
2024-11-25 20:17:40,034 [http-nio-8080-exec-3] INFO  com.ticketWave.ticketWave.service.ConfigurationService - Configuration found
2024-11-25 20:17:46,184 [http-nio-8080-exec-5] INFO  com.ticketWave.ticketWave.service.ConfigurationService - Configuration found
2024-11-25 20:17:46,185 [http-nio-8080-exec-5] INFO  com.ticketWave.ticketWave.service.AdminService - System started successfully
2024-11-25 20:17:49,287 [http-nio-8080-exec-2] INFO  com.ticketWave.ticketWave.service.ConfigurationService - Configuration saved
2024-11-25 20:17:50,945 [http-nio-8080-exec-6] INFO  com.ticketWave.ticketWave.service.ConfigurationService - Configuration found
2024-11-25 20:17:50,945 [http-nio-8080-exec-6] INFO  com.ticketWave.ticketWave.service.AdminService - System started successfully
2024-11-25 20:18:08,205 [http-nio-8080-exec-8] INFO  com.ticketWave.ticketWave.service.VendorService - Vendor threads stopped
2024-11-25 20:18:08,205 [http-nio-8080-exec-8] INFO  com.ticketWave.ticketWave.service.CustomerService - Customer threads stopped
2024-11-25 20:18:25,458 [http-nio-8080-exec-9] INFO  com.ticketWave.ticketWave.service.ConfigurationService - Configuration saved
2024-11-25 20:18:29,144 [http-nio-8080-exec-10] INFO  com.ticketWave.ticketWave.service.ConfigurationService - Configuration found
2024-11-25 20:18:49,402 [http-nio-8080-exec-1] INFO  com.ticketWave.ticketWave.service.AdminService - System started successfully
2024-11-25 20:20:14,651 [http-nio-8080-exec-4] INFO  com.ticketWave.ticketWave.service.ConfigurationService - Configuration found
2024-11-25 20:21:08,900 [http-nio-8080-exec-2] INFO  com.ticketWave.ticketWave.service.ConfigurationService - Configuration found
2024-11-25 20:21:08,901 [http-nio-8080-exec-2] INFO  com.ticketWave.ticketWave.service.AdminService - System started successfully
2024-11-25 20:21:46,314 [http-nio-8080-exec-6] INFO  com.ticketWave.ticketWave.service.ConfigurationService - Configuration found
2024-11-25 20:21:48,494 [http-nio-8080-exec-7] INFO  com.ticketWave.ticketWave.service.ConfigurationService - Configuration found
2024-11-25 20:21:48,495 [http-nio-8080-exec-7] INFO  com.ticketWave.ticketWave.service.AdminService - System started successfully
2024-11-25 20:22:34,999 [http-nio-8080-exec-8] INFO  com.ticketWave.ticketWave.service.ConfigurationService - Configuration found
2024-11-25 20:22:34,999 [http-nio-8080-exec-8] INFO  com.ticketWave.ticketWave.service.AdminService - System started successfully
2024-11-25 20:25:59,413 [http-nio-8080-exec-10] INFO  com.ticketWave.ticketWave.service.ConfigurationService - Configuration found
2024-11-25 20:26:11,707 [http-nio-8080-exec-1] INFO  com.ticketWave.ticketWave.service.ConfigurationService - Configuration found
2024-11-25 20:26:11,709 [http-nio-8080-exec-1] INFO  com.ticketWave.ticketWave.service.AdminService - System started successfully
2024-11-25 20:26:43,764 [http-nio-8080-exec-3] INFO  com.ticketWave.ticketWave.service.ConfigurationService - Configuration found
2024-11-25 20:26:43,765 [http-nio-8080-exec-3] INFO  com.ticketWave.ticketWave.service.AdminService - System started successfully
2024-11-25 20:27:04,619 [http-nio-8080-exec-5] INFO  com.ticketWave.ticketWave.service.VendorService - Vendor threads stopped
2024-11-25 20:27:04,619 [http-nio-8080-exec-5] INFO  com.ticketWave.ticketWave.service.CustomerService - Customer threads stopped
2024-11-25 20:27:13,688 [http-nio-8080-exec-2] INFO  com.ticketWave.ticketWave.service.AdminService - System started successfully
2024-11-25 20:29:31,523 [http-nio-8080-exec-8] INFO  com.ticketWave.ticketWave.service.ConfigurationService - Configuration found
2024-11-25 20:29:34,133 [http-nio-8080-exec-10] INFO  com.ticketWave.ticketWave.service.ConfigurationService - Configuration found
2024-11-25 20:29:34,133 [http-nio-8080-exec-10] INFO  com.ticketWave.ticketWave.service.AdminService - System started successfully
2024-11-26 08:50:31,982 [http-nio-8080-exec-1] INFO  com.ticketWave.ticketWave.service.CustomerService - Get Event successful
2024-11-26 08:55:05,679 [http-nio-8080-exec-2] INFO  com.ticketWave.ticketWave.service.CustomerService - Get Event successful
2024-11-26 08:57:12,260 [http-nio-8080-exec-5] INFO  com.ticketWave.ticketWave.service.CustomerService - Get Event successful
2024-11-26 08:57:18,999 [http-nio-8080-exec-6] INFO  com.ticketWave.ticketWave.service.CustomerService - Get Event successful
2024-11-26 08:57:53,417 [http-nio-8080-exec-7] INFO  com.ticketWave.ticketWave.service.CustomerService - Get Event successful
2024-11-26 08:58:04,860 [http-nio-8080-exec-8] INFO  com.ticketWave.ticketWave.service.CustomerService - Get Event successful
2024-11-26 08:58:10,443 [http-nio-8080-exec-9] INFO  com.ticketWave.ticketWave.service.CustomerService - Get Event successful
2024-11-26 08:58:36,471 [http-nio-8080-exec-10] INFO  com.ticketWave.ticketWave.service.CustomerService - Get Event successful
2024-11-26 08:58:41,239 [http-nio-8080-exec-1] INFO  com.ticketWave.ticketWave.service.CustomerService - Get Event successful
2024-11-26 08:58:48,682 [http-nio-8080-exec-3] INFO  com.ticketWave.ticketWave.service.CustomerService - Get Event successful
2024-11-26 08:59:41,287 [http-nio-8080-exec-2] INFO  com.ticketWave.ticketWave.service.CustomerService - Get Event successful
2024-11-26 09:00:10,149 [http-nio-8080-exec-4] INFO  com.ticketWave.ticketWave.service.CustomerService - Get Event successful
2024-11-26 09:00:15,870 [http-nio-8080-exec-5] INFO  com.ticketWave.ticketWave.service.CustomerService - Get Event successful
2024-11-26 09:00:17,979 [http-nio-8080-exec-6] INFO  com.ticketWave.ticketWave.service.CustomerService - Get Event successful
2024-11-26 09:02:42,360 [http-nio-8080-exec-8] INFO  com.ticketWave.ticketWave.service.CustomerService - Get Event successful
2024-11-26 09:05:13,405 [http-nio-8080-exec-10] INFO  com.ticketWave.ticketWave.service.CustomerService - Get Event successful
2024-11-26 09:05:38,990 [http-nio-8080-exec-1] INFO  com.ticketWave.ticketWave.service.CustomerService - Get Event successful
2024-11-26 09:05:52,759 [http-nio-8080-exec-3] INFO  com.ticketWave.ticketWave.service.CustomerService - Get Event successful
2024-11-26 09:06:30,389 [http-nio-8080-exec-2] INFO  com.ticketWave.ticketWave.service.CustomerService - Get Event successful
2024-11-26 09:07:15,494 [http-nio-8080-exec-4] INFO  com.ticketWave.ticketWave.service.CustomerService - Get Event successful
2024-11-26 09:07:52,485 [http-nio-8080-exec-5] INFO  com.ticketWave.ticketWave.service.CustomerService - Get Event successful
2024-11-26 09:07:54,914 [http-nio-8080-exec-6] INFO  com.ticketWave.ticketWave.service.CustomerService - Get Event successful
2024-11-26 09:08:22,733 [http-nio-8080-exec-7] INFO  com.ticketWave.ticketWave.service.CustomerService - Get Event successful
2024-11-26 09:09:00,783 [http-nio-8080-exec-8] INFO  com.ticketWave.ticketWave.service.CustomerService - Get Event successful
2024-11-26 09:10:09,953 [http-nio-8080-exec-10] INFO  com.ticketWave.ticketWave.service.CustomerService - Get Event successful
2024-11-26 09:10:22,624 [http-nio-8080-exec-1] INFO  com.ticketWave.ticketWave.service.CustomerService - Get Event successful
2024-11-26 09:15:09,539 [http-nio-8080-exec-2] INFO  com.ticketWave.ticketWave.service.CustomerService - Get Event successful
2024-11-26 09:15:14,533 [http-nio-8080-exec-4] INFO  com.ticketWave.ticketWave.service.CustomerService - Get Event successful
2024-11-26 09:15:15,509 [http-nio-8080-exec-5] INFO  com.ticketWave.ticketWave.service.CustomerService - Get Event successful
2024-11-26 09:17:19,972 [http-nio-8080-exec-7] INFO  com.ticketWave.ticketWave.service.CustomerService - Get Event successful
2024-11-26 09:34:27,993 [http-nio-8080-exec-9] INFO  com.ticketWave.ticketWave.service.CustomerService - Get Event successful
2024-11-26 09:35:51,952 [http-nio-8080-exec-1] INFO  com.ticketWave.ticketWave.service.CustomerService - Get Event successful
2024-11-26 09:35:59,963 [http-nio-8080-exec-3] INFO  com.ticketWave.ticketWave.service.CustomerService - Get Event successful
2024-11-26 09:38:05,993 [http-nio-8080-exec-4] INFO  com.ticketWave.ticketWave.service.CustomerService - Get Event successful
2024-11-26 09:38:17,132 [http-nio-8080-exec-6] ERROR com.ticketWave.ticketWave.service.CustomerService - Invalid username or password
2024-11-26 09:40:10,800 [http-nio-8080-exec-7] INFO  com.ticketWave.ticketWave.service.CustomerService - Get Event successful
2024-11-26 09:42:18,631 [http-nio-8080-exec-9] INFO  com.ticketWave.ticketWave.service.CustomerService - Customer1 logged in successfully
2024-11-26 09:42:23,520 [http-nio-8080-exec-10] INFO  com.ticketWave.ticketWave.service.CustomerService - Get Event successful
2024-11-26 09:42:49,437 [http-nio-8080-exec-1] INFO  com.ticketWave.ticketWave.service.CustomerService - Get Event successful
2024-11-26 09:44:44,991 [http-nio-8080-exec-2] INFO  com.ticketWave.ticketWave.service.CustomerService - Get Event successful
2024-11-26 09:45:15,968 [http-nio-8080-exec-4] INFO  com.ticketWave.ticketWave.service.CustomerService - Get Event successful
2024-11-26 09:45:23,937 [http-nio-8080-exec-5] INFO  com.ticketWave.ticketWave.service.CustomerService - Get Event successful
2024-11-26 09:45:26,827 [http-nio-8080-exec-6] INFO  com.ticketWave.ticketWave.service.CustomerService - Get Event successful
2024-11-26 09:45:36,458 [http-nio-8080-exec-7] INFO  com.ticketWave.ticketWave.service.CustomerService - Get Event successful
2024-11-26 09:45:40,043 [http-nio-8080-exec-8] INFO  com.ticketWave.ticketWave.service.CustomerService - Get Event successful
2024-11-26 09:45:41,739 [http-nio-8080-exec-9] INFO  com.ticketWave.ticketWave.service.CustomerService - Get Event successful
2024-11-26 09:46:09,878 [http-nio-8080-exec-10] INFO  com.ticketWave.ticketWave.service.CustomerService - Customer1 logged in successfully
2024-11-26 09:47:20,380 [http-nio-8080-exec-3] INFO  com.ticketWave.ticketWave.service.CustomerService - Get Event successful
2024-11-26 09:47:21,951 [http-nio-8080-exec-2] INFO  com.ticketWave.ticketWave.service.CustomerService - Get Event successful
2024-11-26 09:48:30,269 [http-nio-8080-exec-5] INFO  com.ticketWave.ticketWave.service.CustomerService - Customer1 logged in successfully
2024-11-26 09:48:36,402 [http-nio-8080-exec-6] INFO  com.ticketWave.ticketWave.service.CustomerService - Get Event successful
2024-11-26 09:50:24,908 [http-nio-8080-exec-8] INFO  com.ticketWave.ticketWave.service.CustomerService - Get Event successful
2024-11-26 09:50:25,821 [http-nio-8080-exec-9] INFO  com.ticketWave.ticketWave.service.CustomerService - Get Event successful
2024-11-26 10:19:21,593 [http-nio-8080-exec-3] INFO  com.ticketWave.ticketWave.service.CustomerService - Customer registered successfully
2024-11-26 10:19:32,965 [http-nio-8080-exec-4] INFO  com.ticketWave.ticketWave.service.CustomerService - Customer3 logged in successfully
2024-11-26 10:19:35,989 [http-nio-8080-exec-5] INFO  com.ticketWave.ticketWave.service.CustomerService - Get Event successful
2024-11-26 10:21:37,738 [http-nio-8080-exec-7] INFO  com.ticketWave.ticketWave.service.CustomerService - Get Event successful
2024-11-26 10:21:39,648 [http-nio-8080-exec-8] INFO  com.ticketWave.ticketWave.service.CustomerService - Customer registered successfully
2024-11-26 10:21:42,916 [http-nio-8080-exec-9] INFO  com.ticketWave.ticketWave.service.CustomerService - Customer4 logged in successfully
2024-11-26 10:21:47,621 [http-nio-8080-exec-10] INFO  com.ticketWave.ticketWave.service.CustomerService - Get Event successful
2024-11-26 10:22:01,944 [http-nio-8080-exec-1] INFO  com.ticketWave.ticketWave.service.CustomerService - Get Event successful
2024-11-26 10:22:03,836 [http-nio-8080-exec-3] INFO  com.ticketWave.ticketWave.service.CustomerService - Customer4 logged in successfully
2024-11-26 10:22:06,769 [http-nio-8080-exec-2] INFO  com.ticketWave.ticketWave.service.CustomerService - Customer registered successfully
2024-11-26 10:22:10,156 [http-nio-8080-exec-4] INFO  com.ticketWave.ticketWave.service.CustomerService - Customer registered successfully
2024-11-26 10:22:13,525 [http-nio-8080-exec-5] INFO  com.ticketWave.ticketWave.service.CustomerService - Customer registered successfully
2024-11-26 10:22:17,505 [http-nio-8080-exec-6] ERROR com.ticketWave.ticketWave.service.CustomerService - Login errorQuery did not return a unique result: 4 results were returned
2024-11-26 10:22:27,512 [http-nio-8080-exec-7] INFO  com.ticketWave.ticketWave.service.CustomerService - Get Event successful
2024-11-26 10:22:30,149 [http-nio-8080-exec-8] INFO  com.ticketWave.ticketWave.service.CustomerService - Customer registered successfully
2024-11-26 10:22:41,873 [http-nio-8080-exec-9] INFO  com.ticketWave.ticketWave.service.CustomerService - Get Event successful
2024-11-26 10:38:43,852 [http-nio-8080-exec-1] INFO  com.ticketWave.ticketWave.service.CustomerService - Get Event successful
2024-11-26 10:39:15,345 [http-nio-8080-exec-3] INFO  com.ticketWave.ticketWave.service.CustomerService - Customer registered successfully
2024-11-26 10:39:30,467 [http-nio-8080-exec-2] INFO  com.ticketWave.ticketWave.service.CustomerService - Customer9 logged in successfully
2024-11-26 10:39:36,702 [http-nio-8080-exec-4] INFO  com.ticketWave.ticketWave.service.CustomerService - Get Event successful
2024-11-26 10:39:42,874 [http-nio-8080-exec-5] ERROR com.ticketWave.ticketWave.service.CustomerService - Invalid username or password
2024-11-26 10:39:49,698 [http-nio-8080-exec-6] ERROR com.ticketWave.ticketWave.service.CustomerService - Invalid username or password
2024-11-26 10:42:36,991 [http-nio-8080-exec-7] INFO  com.ticketWave.ticketWave.service.CustomerService - Get Event successful
2024-11-26 10:42:57,975 [http-nio-8080-exec-8] INFO  com.ticketWave.ticketWave.service.CustomerService - Get Event successful
2024-11-26 10:48:58,227 [http-nio-8080-exec-10] INFO  com.ticketWave.ticketWave.service.CustomerService - Get Event successful
2024-11-26 10:49:25,967 [http-nio-8080-exec-1] INFO  com.ticketWave.ticketWave.service.CustomerService - Get Event successful
2024-11-26 10:54:19,979 [http-nio-8080-exec-2] INFO  com.ticketWave.ticketWave.service.CustomerService - Get Event successful
2024-11-26 10:54:44,453 [http-nio-8080-exec-5] INFO  com.ticketWave.ticketWave.service.AdminService - Admin null created successfully
2024-11-26 10:54:59,772 [http-nio-8080-exec-7] ERROR com.ticketWave.ticketWave.service.CustomerService - Invalid username or password
2024-11-26 11:15:03,050 [http-nio-8080-exec-9] INFO  com.ticketWave.ticketWave.service.CustomerService - Get Event successful
2024-11-26 11:42:11,106 [http-nio-8080-exec-1] INFO  com.ticketWave.ticketWave.service.CustomerService - Get Event successful
2024-11-26 11:44:17,677 [http-nio-8080-exec-2] INFO  com.ticketWave.ticketWave.service.CustomerService - Get Event successful
